<?xml version="1.0" encoding="UTF-8"?>
<testsuite name="com.bridgelabz.MoodAnalyserTest" tests="1" skipped="0" failures="0" errors="0" timestamp="2022-12-06T11:23:59" hostname="SAIKAT" time="0.018">
  <properties/>
  <testcase name="message_IsSad_returnSad()" classname="com.bridgelabz.MoodAnalyserTest" time="0.018"/>
  <system-out><![CDATA[]]></system-out>
  <system-err><![CDATA[]]></system-err>
</testsuite>
