<?xml version="1.0" encoding="UTF-8"?>
<testsuite name="com.bridgelabz.MoodAnalyserTest" tests="1" skipped="0" failures="0" errors="0" timestamp="2022-12-06T12:45:40" hostname="SAIKAT" time="0.016">
  <properties/>
  <testcase name="message_IsHappy_returnHappy()" classname="com.bridgelabz.MoodAnalyserTest" time="0.016"/>
  <system-out><![CDATA[Happy
]]></system-out>
  <system-err><![CDATA[]]></system-err>
</testsuite>
